(
    [
        (
            Struct(
                "Shape",
                (
                    [
                        (
                            (
                                "type",
                                Some(
                                    (
                                        Local(
                                            "i32",
                                        ),
                                        23..26,
                                    ),
                                ),
                            ),
                            17..26,
                        ),
                        (
                            (
                                "name",
                                Some(
                                    (
                                        Local(
                                            "str",
                                        ),
                                        35..38,
                                    ),
                                ),
                            ),
                            29..38,
                        ),
                        (
                            (
                                "left",
                                Some(
                                    (
                                        Local(
                                            "str",
                                        ),
                                        47..50,
                                    ),
                                ),
                            ),
                            41..50,
                        ),
                        (
                            (
                                "top",
                                Some(
                                    (
                                        Local(
                                            "str",
                                        ),
                                        58..61,
                                    ),
                                ),
                            ),
                            53..61,
                        ),
                        (
                            (
                                "width",
                                Some(
                                    (
                                        Local(
                                            "str",
                                        ),
                                        71..74,
                                    ),
                                ),
                            ),
                            64..74,
                        ),
                        (
                            (
                                "height",
                                Some(
                                    (
                                        Local(
                                            "str",
                                        ),
                                        85..88,
                                    ),
                                ),
                            ),
                            77..88,
                        ),
                    ],
                    14..91,
                ),
            ),
            1..91,
        ),
        (
            Let(
                "RECTANGLE",
                None,
                Some(
                    (
                        Number(
                            "0",
                            None,
                        ),
                        109..110,
                    ),
                ),
            ),
            93..110,
        ),
        (
            Let(
                "CIRCLE",
                None,
                Some(
                    (
                        Number(
                            "1",
                            None,
                        ),
                        125..126,
                    ),
                ),
            ),
            112..126,
        ),
        (
            Let(
                "TRIANGLE",
                None,
                Some(
                    (
                        Number(
                            "2",
                            None,
                        ),
                        143..144,
                    ),
                ),
            ),
            128..144,
        ),
        (
            Func(
                Func {
                    name: (
                        "create_shape",
                        151..163,
                    ),
                    return_type: None,
                    parameters: (
                        [],
                        163..165,
                    ),
                    body: (
                        (
                            [],
                            (
                                StructInitializer(
                                    "Shape",
                                    (
                                        [
                                            (
                                                (
                                                    "type",
                                                    Some(
                                                        (
                                                            Local(
                                                                "RECTANGLE",
                                                            ),
                                                            186..195,
                                                        ),
                                                    ),
                                                ),
                                                179..195,
                                            ),
                                            (
                                                (
                                                    "name",
                                                    Some(
                                                        (
                                                            String(
                                                                "Rectangle",
                                                            ),
                                                            206..217,
                                                        ),
                                                    ),
                                                ),
                                                199..217,
                                            ),
                                            (
                                                (
                                                    "left",
                                                    Some(
                                                        (
                                                            Number(
                                                                "10",
                                                                None,
                                                            ),
                                                            228..230,
                                                        ),
                                                    ),
                                                ),
                                                221..230,
                                            ),
                                            (
                                                (
                                                    "top",
                                                    Some(
                                                        (
                                                            Number(
                                                                "20",
                                                                None,
                                                            ),
                                                            240..242,
                                                        ),
                                                    ),
                                                ),
                                                234..242,
                                            ),
                                            (
                                                (
                                                    "width",
                                                    Some(
                                                        (
                                                            Number(
                                                                "70",
                                                                None,
                                                            ),
                                                            254..256,
                                                        ),
                                                    ),
                                                ),
                                                246..256,
                                            ),
                                            (
                                                (
                                                    "height",
                                                    Some(
                                                        (
                                                            Number(
                                                                "30",
                                                                None,
                                                            ),
                                                            269..271,
                                                        ),
                                                    ),
                                                ),
                                                260..271,
                                            ),
                                        ],
                                        175..275,
                                    ),
                                ),
                                169..275,
                            ),
                        ),
                        166..277,
                    ),
                },
            ),
            147..277,
        ),
        (
            Func(
                Func {
                    name: (
                        "main",
                        283..287,
                    ),
                    return_type: None,
                    parameters: (
                        [],
                        287..289,
                    ),
                    body: (
                        (
                            [
                                (
                                    Let(
                                        "shape",
                                        None,
                                        Some(
                                            (
                                                Call(
                                                    (
                                                        Local(
                                                            "create_shape",
                                                        ),
                                                        305..317,
                                                    ),
                                                    (
                                                        [],
                                                        317..319,
                                                    ),
                                                ),
                                                305..319,
                                            ),
                                        ),
                                    ),
                                    293..319,
                                ),
                                (
                                    If(
                                        If(
                                            If {
                                                condition: (
                                                    Binary(
                                                        Eq,
                                                        (
                                                            Member(
                                                                (
                                                                    Local(
                                                                        "shape",
                                                                    ),
                                                                    327..332,
                                                                ),
                                                                "type",
                                                            ),
                                                            327..337,
                                                        ),
                                                        (
                                                            Local(
                                                                "RECTANGLE",
                                                            ),
                                                            341..350,
                                                        ),
                                                    ),
                                                    327..350,
                                                ),
                                                then: (
                                                    (
                                                        [
                                                            (
                                                                Call(
                                                                    (
                                                                        Local(
                                                                            "print",
                                                                        ),
                                                                        355..360,
                                                                    ),
                                                                    (
                                                                        [
                                                                            (
                                                                                String(
                                                                                    "shape is a rectangle",
                                                                                ),
                                                                                361..383,
                                                                            ),
                                                                        ],
                                                                        360..384,
                                                                    ),
                                                                ),
                                                                355..384,
                                                            ),
                                                        ],
                                                        (
                                                            Void,
                                                            388..388,
                                                        ),
                                                    ),
                                                    351..388,
                                                ),
                                                else_: Some(
                                                    (
                                                        If(
                                                            If {
                                                                condition: (
                                                                    Binary(
                                                                        Eq,
                                                                        (
                                                                            Member(
                                                                                (
                                                                                    Local(
                                                                                        "shape",
                                                                                    ),
                                                                                    398..403,
                                                                                ),
                                                                                "type",
                                                                            ),
                                                                            398..408,
                                                                        ),
                                                                        (
                                                                            Local(
                                                                                "CIRCLE",
                                                                            ),
                                                                            412..418,
                                                                        ),
                                                                    ),
                                                                    398..418,
                                                                ),
                                                                then: (
                                                                    (
                                                                        [
                                                                            (
                                                                                Call(
                                                                                    (
                                                                                        Local(
                                                                                            "print",
                                                                                        ),
                                                                                        423..428,
                                                                                    ),
                                                                                    (
                                                                                        [
                                                                                            (
                                                                                                String(
                                                                                                    "shape is a circle",
                                                                                                ),
                                                                                                429..448,
                                                                                            ),
                                                                                        ],
                                                                                        428..449,
                                                                                    ),
                                                                                ),
                                                                                423..449,
                                                                            ),
                                                                        ],
                                                                        (
                                                                            Void,
                                                                            453..453,
                                                                        ),
                                                                    ),
                                                                    419..453,
                                                                ),
                                                                else_: Some(
                                                                    (
                                                                        Else(
                                                                            (
                                                                                (
                                                                                    [
                                                                                        (
                                                                                            Call(
                                                                                                (
                                                                                                    Local(
                                                                                                        "print",
                                                                                                    ),
                                                                                                    464..469,
                                                                                                ),
                                                                                                (
                                                                                                    [
                                                                                                        (
                                                                                                            String(
                                                                                                                "shape is not a rectangle or circle",
                                                                                                            ),
                                                                                                            470..506,
                                                                                                        ),
                                                                                                    ],
                                                                                                    469..507,
                                                                                                ),
                                                                                            ),
                                                                                            464..507,
                                                                                        ),
                                                                                    ],
                                                                                    (
                                                                                        Void,
                                                                                        511..511,
                                                                                    ),
                                                                                ),
                                                                                460..511,
                                                                            ),
                                                                        ),
                                                                        460..511,
                                                                    ),
                                                                ),
                                                            },
                                                        ),
                                                        395..511,
                                                    ),
                                                ),
                                            },
                                        ),
                                    ),
                                    324..511,
                                ),
                                (
                                    Call(
                                        (
                                            Local(
                                                "print",
                                            ),
                                            515..520,
                                        ),
                                        (
                                            [
                                                (
                                                    Local(
                                                        "shape",
                                                    ),
                                                    521..526,
                                                ),
                                            ],
                                            520..527,
                                        ),
                                    ),
                                    515..527,
                                ),
                                (
                                    Let(
                                        "sum",
                                        None,
                                        Some(
                                            (
                                                Block(
                                                    (
                                                        (
                                                            [
                                                                (
                                                                    Let(
                                                                        "a",
                                                                        None,
                                                                        Some(
                                                                            (
                                                                                Number(
                                                                                    "10",
                                                                                    None,
                                                                                ),
                                                                                554..556,
                                                                            ),
                                                                        ),
                                                                    ),
                                                                    546..556,
                                                                ),
                                                                (
                                                                    Let(
                                                                        "b",
                                                                        None,
                                                                        Some(
                                                                            (
                                                                                Number(
                                                                                    "5",
                                                                                    None,
                                                                                ),
                                                                                568..569,
                                                                            ),
                                                                        ),
                                                                    ),
                                                                    560..569,
                                                                ),
                                                            ],
                                                            (
                                                                Binary(
                                                                    Add,
                                                                    (
                                                                        Local(
                                                                            "a",
                                                                        ),
                                                                        573..574,
                                                                    ),
                                                                    (
                                                                        Local(
                                                                            "b",
                                                                        ),
                                                                        577..578,
                                                                    ),
                                                                ),
                                                                573..578,
                                                            ),
                                                        ),
                                                        542..581,
                                                    ),
                                                ),
                                                542..581,
                                            ),
                                        ),
                                    ),
                                    532..581,
                                ),
                                (
                                    Call(
                                        (
                                            Local(
                                                "print",
                                            ),
                                            586..591,
                                        ),
                                        (
                                            [
                                                (
                                                    Local(
                                                        "sum",
                                                    ),
                                                    592..595,
                                                ),
                                            ],
                                            591..596,
                                        ),
                                    ),
                                    586..596,
                                ),
                            ],
                            (
                                Void,
                                599..599,
                            ),
                        ),
                        290..599,
                    ),
                },
            ),
            279..599,
        ),
    ],
    1..599,
)